This is pdfTeX, Version 3.14159265-2.6-1.40.17 (MiKTeX 2.9.6100 64-bit) (preloaded format=pdflatex 2016.12.17)  7 SEP 2017 19:44
entering extended mode
**./ksiazka.tex
(ksiazka.tex
LaTeX2e <2016/03/31> patch level 3
Babel <3.9r> and hyphenation patterns for 75 language(s) loaded.
("C:\Program Files\MiKTeX 2.9\tex\latex\base\book.cls"
Document Class: book 2014/09/29 v1.4h Standard LaTeX document class
("C:\Program Files\MiKTeX 2.9\tex\latex\base\bk11.clo"
File: bk11.clo 2014/09/29 v1.4h Standard LaTeX file (size option)
)
\c@part=\count79
\c@chapter=\count80
\c@section=\count81
\c@subsection=\count82
\c@subsubsection=\count83
\c@paragraph=\count84
\c@subparagraph=\count85
\c@figure=\count86
\c@table=\count87
\abovecaptionskip=\skip41
\belowcaptionskip=\skip42
\bibindent=\dimen102
)
("C:\Program Files\MiKTeX 2.9\tex\latex\geometry\geometry.sty"
Package: geometry 2010/09/12 v5.6 Page Geometry

("C:\Program Files\MiKTeX 2.9\tex\latex\graphics\keyval.sty"
Package: keyval 2014/10/28 v1.15 key=value parser (DPC)
\KV@toks@=\toks14
)
("C:\Program Files\MiKTeX 2.9\tex\generic\oberdiek\ifpdf.sty"
Package: ifpdf 2016/05/14 v3.1 Provides the ifpdf switch
)
("C:\Program Files\MiKTeX 2.9\tex\generic\oberdiek\ifvtex.sty"
Package: ifvtex 2016/05/16 v1.6 Detect VTeX and its facilities (HO)
Package ifvtex Info: VTeX not detected.
)
("C:\Program Files\MiKTeX 2.9\tex\generic\ifxetex\ifxetex.sty"
Package: ifxetex 2010/09/12 v0.6 Provides ifxetex conditional
)
\Gm@cnth=\count88
\Gm@cntv=\count89
\c@Gm@tempcnt=\count90
\Gm@bindingoffset=\dimen103
\Gm@wd@mp=\dimen104
\Gm@odd@mp=\dimen105
\Gm@even@mp=\dimen106
\Gm@layoutwidth=\dimen107
\Gm@layoutheight=\dimen108
\Gm@layouthoffset=\dimen109
\Gm@layoutvoffset=\dimen110
\Gm@dimlist=\toks15

("C:\Program Files\MiKTeX 2.9\tex\latex\geometry\geometry.cfg"))
("C:\Program Files\MiKTeX 2.9\tex\latex\fancyhdr\fancyhdr.sty"
Package: fancyhdr 2017/06/30 v3.9a Extensive control of page headers and footer
s
\f@nch@headwidth=\skip43
\f@nch@O@elh=\skip44
\f@nch@O@erh=\skip45
\f@nch@O@olh=\skip46
\f@nch@O@orh=\skip47
\f@nch@O@elf=\skip48
\f@nch@O@erf=\skip49
\f@nch@O@olf=\skip50
\f@nch@O@orf=\skip51
)
("C:\Program Files\MiKTeX 2.9\tex\latex\emptypage\emptypage.sty"
Package: emptypage 2010/05/30 v1.2 Suppress page numbers and headings on empty 
pages
)
("C:\Program Files\MiKTeX 2.9\tex\latex\enumitem\enumitem.sty"
Package: enumitem 2011/09/28 v3.5.2 Customized lists
\labelindent=\skip52
\enit@outerparindent=\dimen111
\enit@toks=\toks16
\enit@inbox=\box26
\enitdp@description=\count91
)
("C:\Program Files\MiKTeX 2.9\tex\latex\subfiles\subfiles.sty"
Package: subfiles 2012/05/23 Federico Garcia

("C:\Program Files\MiKTeX 2.9\tex\latex\tools\verbatim.sty"
Package: verbatim 2014/10/28 v1.5q LaTeX2e package for verbatim enhancements
\every@verbatim=\toks17
\verbatim@line=\toks18
\verbatim@in@stream=\read1
))
("C:\Program Files\MiKTeX 2.9\tex\latex\hyperref\hyperref.sty"
Package: hyperref 2016/06/24 v6.83q Hypertext links for LaTeX

("C:\Program Files\MiKTeX 2.9\tex\generic\oberdiek\hobsub-hyperref.sty"
Package: hobsub-hyperref 2016/05/16 v1.14 Bundle oberdiek, subset hyperref (HO)


("C:\Program Files\MiKTeX 2.9\tex\generic\oberdiek\hobsub-generic.sty"
Package: hobsub-generic 2016/05/16 v1.14 Bundle oberdiek, subset generic (HO)
Package: hobsub 2016/05/16 v1.14 Construct package bundles (HO)
Package: infwarerr 2016/05/16 v1.4 Providing info/warning/error messages (HO)
Package: ltxcmds 2016/05/16 v1.23 LaTeX kernel commands for general use (HO)
Package: ifluatex 2016/05/16 v1.4 Provides the ifluatex switch (HO)
Package ifluatex Info: LuaTeX not detected.
Package hobsub Info: Skipping package `ifvtex' (already loaded).
Package: intcalc 2016/05/16 v1.2 Expandable calculations with integers (HO)
Package hobsub Info: Skipping package `ifpdf' (already loaded).
Package: etexcmds 2016/05/16 v1.6 Avoid name clashes with e-TeX commands (HO)
Package etexcmds Info: Could not find \expanded.
(etexcmds)             That can mean that you are not using pdfTeX 1.50 or
(etexcmds)             that some package has redefined \expanded.
(etexcmds)             In the latter case, load this package earlier.
Package: kvsetkeys 2016/05/16 v1.17 Key value parser (HO)
Package: kvdefinekeys 2016/05/16 v1.4 Define keys (HO)
Package: pdftexcmds 2016/05/21 v0.22 Utility functions of pdfTeX for LuaTeX (HO
)
Package pdftexcmds Info: LuaTeX not detected.
Package pdftexcmds Info: \pdf@primitive is available.
Package pdftexcmds Info: \pdf@ifprimitive is available.
Package pdftexcmds Info: \pdfdraftmode found.
Package: pdfescape 2016/05/16 v1.14 Implements pdfTeX's escape features (HO)
Package: bigintcalc 2016/05/16 v1.4 Expandable calculations on big integers (HO
)
Package: bitset 2016/05/16 v1.2 Handle bit-vector datatype (HO)
Package: uniquecounter 2016/05/16 v1.3 Provide unlimited unique counter (HO)
)
Package hobsub Info: Skipping package `hobsub' (already loaded).
Package: letltxmacro 2016/05/16 v1.5 Let assignment for LaTeX macros (HO)
Package: hopatch 2016/05/16 v1.3 Wrapper for package hooks (HO)
Package: xcolor-patch 2016/05/16 xcolor patch
Package: atveryend 2016/05/16 v1.9 Hooks at the very end of document (HO)
Package atveryend Info: \enddocument detected (standard20110627).
Package: atbegshi 2016/06/09 v1.18 At begin shipout hook (HO)
Package: refcount 2016/05/16 v3.5 Data extraction from label references (HO)
Package: hycolor 2016/05/16 v1.8 Color options for hyperref/bookmark (HO)
)
("C:\Program Files\MiKTeX 2.9\tex\latex\oberdiek\auxhook.sty"
Package: auxhook 2016/05/16 v1.4 Hooks for auxiliary files (HO)
)
("C:\Program Files\MiKTeX 2.9\tex\latex\oberdiek\kvoptions.sty"
Package: kvoptions 2016/05/16 v3.12 Key value format for package options (HO)
)
\@linkdim=\dimen112
\Hy@linkcounter=\count92
\Hy@pagecounter=\count93

("C:\Program Files\MiKTeX 2.9\tex\latex\hyperref\pd1enc.def"
File: pd1enc.def 2016/06/24 v6.83q Hyperref: PDFDocEncoding definition (HO)
)
\Hy@SavedSpaceFactor=\count94

("C:\Program Files\MiKTeX 2.9\tex\latex\00miktex\hyperref.cfg"
File: hyperref.cfg 2002/06/06 v1.2 hyperref configuration of TeXLive
)
Package hyperref Info: Hyper figures OFF on input line 4486.
Package hyperref Info: Link nesting OFF on input line 4491.
Package hyperref Info: Hyper index ON on input line 4494.
Package hyperref Info: Plain pages OFF on input line 4501.
Package hyperref Info: Backreferencing OFF on input line 4506.
Package hyperref Info: Implicit mode ON; LaTeX internals redefined.
Package hyperref Info: Bookmarks ON on input line 4735.
\c@Hy@tempcnt=\count95

("C:\Program Files\MiKTeX 2.9\tex\latex\url\url.sty"
\Urlmuskip=\muskip10
Package: url 2013/09/16  ver 3.4  Verb mode for urls, etc.
)
LaTeX Info: Redefining \url on input line 5088.
\XeTeXLinkMargin=\dimen113
\Fld@menulength=\count96
\Field@Width=\dimen114
\Fld@charsize=\dimen115
Package hyperref Info: Hyper figures OFF on input line 6342.
Package hyperref Info: Link nesting OFF on input line 6347.
Package hyperref Info: Hyper index ON on input line 6350.
Package hyperref Info: backreferencing OFF on input line 6357.
Package hyperref Info: Link coloring OFF on input line 6362.
Package hyperref Info: Link coloring with OCG OFF on input line 6367.
Package hyperref Info: PDF/A mode OFF on input line 6372.
LaTeX Info: Redefining \ref on input line 6412.
LaTeX Info: Redefining \pageref on input line 6416.
\Hy@abspage=\count97
\c@Item=\count98
\c@Hfootnote=\count99
)

Package hyperref Message: Driver (autodetected): hpdftex.

("C:\Program Files\MiKTeX 2.9\tex\latex\hyperref\hpdftex.def"
File: hpdftex.def 2016/06/24 v6.83q Hyperref driver for pdfTeX
\Fld@listcount=\count100
\c@bookmark@seq@number=\count101

("C:\Program Files\MiKTeX 2.9\tex\latex\oberdiek\rerunfilecheck.sty"
Package: rerunfilecheck 2016/05/16 v1.8 Rerun checks for auxiliary files (HO)
Package uniquecounter Info: New unique counter `rerunfilecheck' on input line 2
82.
)
\Hy@SectionHShift=\skip53
)
("C:\Program Files\MiKTeX 2.9\tex\latex\titlesec\titlesec.sty"
Package: titlesec 2016/03/21 v2.10.2 Sectioning titles
\ttl@box=\box27
\beforetitleunit=\skip54
\aftertitleunit=\skip55
\ttl@plus=\dimen116
\ttl@minus=\dimen117
\ttl@toksa=\toks19
\titlewidth=\dimen118
\titlewidthlast=\dimen119
\titlewidthfirst=\dimen120
)
("C:\Program Files\MiKTeX 2.9\tex\latex\tools\longtable.sty"
Package: longtable 2014/10/28 v4.11 Multi-page Table package (DPC)
\LTleft=\skip56
\LTright=\skip57
\LTpre=\skip58
\LTpost=\skip59
\LTchunksize=\count102
\LTcapwidth=\dimen121
\LT@head=\box28
\LT@firsthead=\box29
\LT@foot=\box30
\LT@lastfoot=\box31
\LT@cols=\count103
\LT@rows=\count104
\c@LT@tables=\count105
\c@LT@chunks=\count106
\LT@p@ftn=\toks20
)
("C:\Program Files\MiKTeX 2.9\tex\latex\oberdiek\pdflscape.sty"
Package: pdflscape 2016/05/14 v0.11 Display of landscape pages in PDF (HO)

("C:\Program Files\MiKTeX 2.9\tex\latex\graphics\lscape.sty"
Package: lscape 2000/10/22 v3.01 Landscape Pages (DPC)

("C:\Program Files\MiKTeX 2.9\tex\latex\graphics\graphics.sty"
Package: graphics 2016/07/10 v1.0t Standard LaTeX Graphics (DPC,SPQR)

("C:\Program Files\MiKTeX 2.9\tex\latex\graphics\trig.sty"
Package: trig 2016/01/03 v1.10 sin cos tan (DPC)
)
("C:\Program Files\MiKTeX 2.9\tex\latex\graphics-cfg\graphics.cfg"
File: graphics.cfg 2016/06/04 v1.11 sample graphics configuration
)
Package graphics Info: Driver file: pdftex.def on input line 99.

("C:\Program Files\MiKTeX 2.9\tex\latex\graphics-def\pdftex.def"
File: pdftex.def 2016/07/10 v0.06j Graphics/color for pdfTeX
\Gread@gobject=\count107
)))
Package pdflscape Info: Auto-detected driver: pdftex on input line 81.
)
("C:\Program Files\MiKTeX 2.9\tex\latex\tools\afterpage.sty"
Package: afterpage 2014/10/28 v1.08 After-Page Package (DPC)
\AP@output=\toks21
\AP@partial=\box32
\AP@footins=\box33
)
("C:\Program Files\MiKTeX 2.9\tex\latex\ltxmisc\parskip.sty"
Package: parskip 2001/04/09 non-zero parskip adjustments
)
("C:\Program Files\MiKTeX 2.9\tex\latex\imakeidx\imakeidx.sty"
Package: imakeidx 2016/10/15 v1.3e Package for typesetting indices in a synchro
nous mode

("C:\Program Files\MiKTeX 2.9\tex\latex\xkeyval\xkeyval.sty"
Package: xkeyval 2014/12/03 v2.7a package option processing (HA)

("C:\Program Files\MiKTeX 2.9\tex\generic\xkeyval\xkeyval.tex"
("C:\Program Files\MiKTeX 2.9\tex\generic\xkeyval\xkvutils.tex"
\XKV@toks=\toks22
\XKV@tempa@toks=\toks23
)
\XKV@depth=\count108
File: xkeyval.tex 2014/12/03 v2.7a key=value parser (HA)
))
("C:\Program Files\MiKTeX 2.9\tex\latex\tools\multicol.sty"
Package: multicol 2016/04/07 v1.8p multicolumn formatting (FMi)
\c@tracingmulticols=\count109
\mult@box=\box34
\multicol@leftmargin=\dimen122
\c@unbalance=\count110
\c@collectmore=\count111
\doublecol@number=\count112
\multicoltolerance=\count113
\multicolpretolerance=\count114
\full@width=\dimen123
\page@free=\dimen124
\premulticols=\dimen125
\postmulticols=\dimen126
\multicolsep=\skip60
\multicolbaselineskip=\skip61
\partial@page=\box35
\last@line=\box36
\maxbalancingoverflow=\dimen127
\mult@rightbox=\box37
\mult@grightbox=\box38
\mult@gfirstbox=\box39
\mult@firstbox=\box40
\@tempa=\box41
\@tempa=\box42
\@tempa=\box43
\@tempa=\box44
\@tempa=\box45
\@tempa=\box46
\@tempa=\box47
\@tempa=\box48
\@tempa=\box49
\@tempa=\box50
\@tempa=\box51
\@tempa=\box52
\@tempa=\box53
\@tempa=\box54
\@tempa=\box55
\@tempa=\box56
\@tempa=\box57
\c@columnbadness=\count115
\c@finalcolumnbadness=\count116
\last@try=\dimen128
\multicolovershoot=\dimen129
\multicolundershoot=\dimen130
\mult@nat@firstbox=\box58
\colbreak@box=\box59
\mc@col@check@num=\count117
))
\a@idxfile=\write3
\openout3 = `a.idx'.


Writing index file a.idx
("C:\Program Files\MiKTeX 2.9\tex\latex\base\inputenc.sty"
Package: inputenc 2015/03/17 v1.2c Input encoding file
\inpenc@prehook=\toks24
\inpenc@posthook=\toks25

("C:\Program Files\MiKTeX 2.9\tex\latex\base\utf8.def"
File: utf8.def 2016/02/28 v1.1s UTF-8 support for inputenc
Now handling font encoding OML ...
... no UTF-8 mapping file for font encoding OML
Now handling font encoding T1 ...
... processing UTF-8 mapping file for font encoding T1

("C:\Program Files\MiKTeX 2.9\tex\latex\base\t1enc.dfu"
File: t1enc.dfu 2016/02/28 v1.1s UTF-8 support for inputenc
   defining Unicode char U+00A0 (decimal 160)
   defining Unicode char U+00A1 (decimal 161)
   defining Unicode char U+00A3 (decimal 163)
   defining Unicode char U+00AB (decimal 171)
   defining Unicode char U+00AD (decimal 173)
   defining Unicode char U+00BB (decimal 187)
   defining Unicode char U+00BF (decimal 191)
   defining Unicode char U+00C0 (decimal 192)
   defining Unicode char U+00C1 (decimal 193)
   defining Unicode char U+00C2 (decimal 194)
   defining Unicode char U+00C3 (decimal 195)
   defining Unicode char U+00C4 (decimal 196)
   defining Unicode char U+00C5 (decimal 197)
   defining Unicode char U+00C6 (decimal 198)
   defining Unicode char U+00C7 (decimal 199)
   defining Unicode char U+00C8 (decimal 200)
   defining Unicode char U+00C9 (decimal 201)
   defining Unicode char U+00CA (decimal 202)
   defining Unicode char U+00CB (decimal 203)
   defining Unicode char U+00CC (decimal 204)
   defining Unicode char U+00CD (decimal 205)
   defining Unicode char U+00CE (decimal 206)
   defining Unicode char U+00CF (decimal 207)
   defining Unicode char U+00D0 (decimal 208)
   defining Unicode char U+00D1 (decimal 209)
   defining Unicode char U+00D2 (decimal 210)
   defining Unicode char U+00D3 (decimal 211)
   defining Unicode char U+00D4 (decimal 212)
   defining Unicode char U+00D5 (decimal 213)
   defining Unicode char U+00D6 (decimal 214)
   defining Unicode char U+00D8 (decimal 216)
   defining Unicode char U+00D9 (decimal 217)
   defining Unicode char U+00DA (decimal 218)
   defining Unicode char U+00DB (decimal 219)
   defining Unicode char U+00DC (decimal 220)
   defining Unicode char U+00DD (decimal 221)
   defining Unicode char U+00DE (decimal 222)
   defining Unicode char U+00DF (decimal 223)
   defining Unicode char U+00E0 (decimal 224)
   defining Unicode char U+00E1 (decimal 225)
   defining Unicode char U+00E2 (decimal 226)
   defining Unicode char U+00E3 (decimal 227)
   defining Unicode char U+00E4 (decimal 228)
   defining Unicode char U+00E5 (decimal 229)
   defining Unicode char U+00E6 (decimal 230)
   defining Unicode char U+00E7 (decimal 231)
   defining Unicode char U+00E8 (decimal 232)
   defining Unicode char U+00E9 (decimal 233)
   defining Unicode char U+00EA (decimal 234)
   defining Unicode char U+00EB (decimal 235)
   defining Unicode char U+00EC (decimal 236)
   defining Unicode char U+00ED (decimal 237)
   defining Unicode char U+00EE (decimal 238)
   defining Unicode char U+00EF (decimal 239)
   defining Unicode char U+00F0 (decimal 240)
   defining Unicode char U+00F1 (decimal 241)
   defining Unicode char U+00F2 (decimal 242)
   defining Unicode char U+00F3 (decimal 243)
   defining Unicode char U+00F4 (decimal 244)
   defining Unicode char U+00F5 (decimal 245)
   defining Unicode char U+00F6 (decimal 246)
   defining Unicode char U+00F8 (decimal 248)
   defining Unicode char U+00F9 (decimal 249)
   defining Unicode char U+00FA (decimal 250)
   defining Unicode char U+00FB (decimal 251)
   defining Unicode char U+00FC (decimal 252)
   defining Unicode char U+00FD (decimal 253)
   defining Unicode char U+00FE (decimal 254)
   defining Unicode char U+00FF (decimal 255)
   defining Unicode char U+0100 (decimal 256)
   defining Unicode char U+0101 (decimal 257)
   defining Unicode char U+0102 (decimal 258)
   defining Unicode char U+0103 (decimal 259)
   defining Unicode char U+0104 (decimal 260)
   defining Unicode char U+0105 (decimal 261)
   defining Unicode char U+0106 (decimal 262)
   defining Unicode char U+0107 (decimal 263)
   defining Unicode char U+0108 (decimal 264)
   defining Unicode char U+0109 (decimal 265)
   defining Unicode char U+010A (decimal 266)
   defining Unicode char U+010B (decimal 267)
   defining Unicode char U+010C (decimal 268)
   defining Unicode char U+010D (decimal 269)
   defining Unicode char U+010E (decimal 270)
   defining Unicode char U+010F (decimal 271)
   defining Unicode char U+0110 (decimal 272)
   defining Unicode char U+0111 (decimal 273)
   defining Unicode char U+0112 (decimal 274)
   defining Unicode char U+0113 (decimal 275)
   defining Unicode char U+0114 (decimal 276)
   defining Unicode char U+0115 (decimal 277)
   defining Unicode char U+0116 (decimal 278)
   defining Unicode char U+0117 (decimal 279)
   defining Unicode char U+0118 (decimal 280)
   defining Unicode char U+0119 (decimal 281)
   defining Unicode char U+011A (decimal 282)
   defining Unicode char U+011B (decimal 283)
   defining Unicode char U+011C (decimal 284)
   defining Unicode char U+011D (decimal 285)
   defining Unicode char U+011E (decimal 286)
   defining Unicode char U+011F (decimal 287)
   defining Unicode char U+0120 (decimal 288)
   defining Unicode char U+0121 (decimal 289)
   defining Unicode char U+0122 (decimal 290)
   defining Unicode char U+0123 (decimal 291)
   defining Unicode char U+0124 (decimal 292)
   defining Unicode char U+0125 (decimal 293)
   defining Unicode char U+0128 (decimal 296)
   defining Unicode char U+0129 (decimal 297)
   defining Unicode char U+012A (decimal 298)
   defining Unicode char U+012B (decimal 299)
   defining Unicode char U+012C (decimal 300)
   defining Unicode char U+012D (decimal 301)
   defining Unicode char U+012E (decimal 302)
   defining Unicode char U+012F (decimal 303)
   defining Unicode char U+0130 (decimal 304)
   defining Unicode char U+0131 (decimal 305)
   defining Unicode char U+0132 (decimal 306)
   defining Unicode char U+0133 (decimal 307)
   defining Unicode char U+0134 (decimal 308)
   defining Unicode char U+0135 (decimal 309)
   defining Unicode char U+0136 (decimal 310)
   defining Unicode char U+0137 (decimal 311)
   defining Unicode char U+0139 (decimal 313)
   defining Unicode char U+013A (decimal 314)
   defining Unicode char U+013B (decimal 315)
   defining Unicode char U+013C (decimal 316)
   defining Unicode char U+013D (decimal 317)
   defining Unicode char U+013E (decimal 318)
   defining Unicode char U+0141 (decimal 321)
   defining Unicode char U+0142 (decimal 322)
   defining Unicode char U+0143 (decimal 323)
   defining Unicode char U+0144 (decimal 324)
   defining Unicode char U+0145 (decimal 325)
   defining Unicode char U+0146 (decimal 326)
   defining Unicode char U+0147 (decimal 327)
   defining Unicode char U+0148 (decimal 328)
   defining Unicode char U+014A (decimal 330)
   defining Unicode char U+014B (decimal 331)
   defining Unicode char U+014C (decimal 332)
   defining Unicode char U+014D (decimal 333)
   defining Unicode char U+014E (decimal 334)
   defining Unicode char U+014F (decimal 335)
   defining Unicode char U+0150 (decimal 336)
   defining Unicode char U+0151 (decimal 337)
   defining Unicode char U+0152 (decimal 338)
   defining Unicode char U+0153 (decimal 339)
   defining Unicode char U+0154 (decimal 340)
   defining Unicode char U+0155 (decimal 341)
   defining Unicode char U+0156 (decimal 342)
   defining Unicode char U+0157 (decimal 343)
   defining Unicode char U+0158 (decimal 344)
   defining Unicode char U+0159 (decimal 345)
   defining Unicode char U+015A (decimal 346)
   defining Unicode char U+015B (decimal 347)
   defining Unicode char U+015C (decimal 348)
   defining Unicode char U+015D (decimal 349)
   defining Unicode char U+015E (decimal 350)
   defining Unicode char U+015F (decimal 351)
   defining Unicode char U+0160 (decimal 352)
   defining Unicode char U+0161 (decimal 353)
   defining Unicode char U+0162 (decimal 354)
   defining Unicode char U+0163 (decimal 355)
   defining Unicode char U+0164 (decimal 356)
   defining Unicode char U+0165 (decimal 357)
   defining Unicode char U+0168 (decimal 360)
   defining Unicode char U+0169 (decimal 361)
   defining Unicode char U+016A (decimal 362)
   defining Unicode char U+016B (decimal 363)
   defining Unicode char U+016C (decimal 364)
   defining Unicode char U+016D (decimal 365)
   defining Unicode char U+016E (decimal 366)
   defining Unicode char U+016F (decimal 367)
   defining Unicode char U+0170 (decimal 368)
   defining Unicode char U+0171 (decimal 369)
   defining Unicode char U+0172 (decimal 370)
   defining Unicode char U+0173 (decimal 371)
   defining Unicode char U+0174 (decimal 372)
   defining Unicode char U+0175 (decimal 373)
   defining Unicode char U+0176 (decimal 374)
   defining Unicode char U+0177 (decimal 375)
   defining Unicode char U+0178 (decimal 376)
   defining Unicode char U+0179 (decimal 377)
   defining Unicode char U+017A (decimal 378)
   defining Unicode char U+017B (decimal 379)
   defining Unicode char U+017C (decimal 380)
   defining Unicode char U+017D (decimal 381)
   defining Unicode char U+017E (decimal 382)
   defining Unicode char U+01CD (decimal 461)
   defining Unicode char U+01CE (decimal 462)
   defining Unicode char U+01CF (decimal 463)
   defining Unicode char U+01D0 (decimal 464)
   defining Unicode char U+01D1 (decimal 465)
   defining Unicode char U+01D2 (decimal 466)
   defining Unicode char U+01D3 (decimal 467)
   defining Unicode char U+01D4 (decimal 468)
   defining Unicode char U+01E2 (decimal 482)
   defining Unicode char U+01E3 (decimal 483)
   defining Unicode char U+01E6 (decimal 486)
   defining Unicode char U+01E7 (decimal 487)
   defining Unicode char U+01E8 (decimal 488)
   defining Unicode char U+01E9 (decimal 489)
   defining Unicode char U+01EA (decimal 490)
   defining Unicode char U+01EB (decimal 491)
   defining Unicode char U+01F0 (decimal 496)
   defining Unicode char U+01F4 (decimal 500)
   defining Unicode char U+01F5 (decimal 501)
   defining Unicode char U+0218 (decimal 536)
   defining Unicode char U+0219 (decimal 537)
   defining Unicode char U+021A (decimal 538)
   defining Unicode char U+021B (decimal 539)
   defining Unicode char U+1E02 (decimal 7682)
   defining Unicode char U+1E03 (decimal 7683)
   defining Unicode char U+200C (decimal 8204)
   defining Unicode char U+2010 (decimal 8208)
   defining Unicode char U+2011 (decimal 8209)
   defining Unicode char U+2012 (decimal 8210)
   defining Unicode char U+2013 (decimal 8211)
   defining Unicode char U+2014 (decimal 8212)
   defining Unicode char U+2015 (decimal 8213)
   defining Unicode char U+2018 (decimal 8216)
   defining Unicode char U+2019 (decimal 8217)
   defining Unicode char U+201A (decimal 8218)
   defining Unicode char U+201C (decimal 8220)
   defining Unicode char U+201D (decimal 8221)
   defining Unicode char U+201E (decimal 8222)
   defining Unicode char U+2030 (decimal 8240)
   defining Unicode char U+2031 (decimal 8241)
   defining Unicode char U+2039 (decimal 8249)
   defining Unicode char U+203A (decimal 8250)
   defining Unicode char U+2423 (decimal 9251)
)
Now handling font encoding OT1 ...
... processing UTF-8 mapping file for font encoding OT1

("C:\Program Files\MiKTeX 2.9\tex\latex\base\ot1enc.dfu"
File: ot1enc.dfu 2016/02/28 v1.1s UTF-8 support for inputenc
   defining Unicode char U+00A0 (decimal 160)
   defining Unicode char U+00A1 (decimal 161)
   defining Unicode char U+00A3 (decimal 163)
   defining Unicode char U+00AD (decimal 173)
   defining Unicode char U+00B8 (decimal 184)
   defining Unicode char U+00BF (decimal 191)
   defining Unicode char U+00C5 (decimal 197)
   defining Unicode char U+00C6 (decimal 198)
   defining Unicode char U+00D8 (decimal 216)
   defining Unicode char U+00DF (decimal 223)
   defining Unicode char U+00E6 (decimal 230)
   defining Unicode char U+00EC (decimal 236)
   defining Unicode char U+00ED (decimal 237)
   defining Unicode char U+00EE (decimal 238)
   defining Unicode char U+00EF (decimal 239)
   defining Unicode char U+00F8 (decimal 248)
   defining Unicode char U+0131 (decimal 305)
   defining Unicode char U+0141 (decimal 321)
   defining Unicode char U+0142 (decimal 322)
   defining Unicode char U+0152 (decimal 338)
   defining Unicode char U+0153 (decimal 339)
   defining Unicode char U+0174 (decimal 372)
   defining Unicode char U+0175 (decimal 373)
   defining Unicode char U+0176 (decimal 374)
   defining Unicode char U+0177 (decimal 375)
   defining Unicode char U+0218 (decimal 536)
   defining Unicode char U+0219 (decimal 537)
   defining Unicode char U+021A (decimal 538)
   defining Unicode char U+021B (decimal 539)
   defining Unicode char U+2013 (decimal 8211)
   defining Unicode char U+2014 (decimal 8212)
   defining Unicode char U+2018 (decimal 8216)
   defining Unicode char U+2019 (decimal 8217)
   defining Unicode char U+201C (decimal 8220)
   defining Unicode char U+201D (decimal 8221)
)
Now handling font encoding OMS ...
... processing UTF-8 mapping file for font encoding OMS

("C:\Program Files\MiKTeX 2.9\tex\latex\base\omsenc.dfu"
File: omsenc.dfu 2016/02/28 v1.1s UTF-8 support for inputenc
   defining Unicode char U+00A7 (decimal 167)
   defining Unicode char U+00B6 (decimal 182)
   defining Unicode char U+00B7 (decimal 183)
   defining Unicode char U+2020 (decimal 8224)
   defining Unicode char U+2021 (decimal 8225)
   defining Unicode char U+2022 (decimal 8226)
)
Now handling font encoding OMX ...
... no UTF-8 mapping file for font encoding OMX
Now handling font encoding U ...
... no UTF-8 mapping file for font encoding U
Now handling font encoding PD1 ...
... no UTF-8 mapping file for font encoding PD1
   defining Unicode char U+00A9 (decimal 169)
   defining Unicode char U+00AA (decimal 170)
   defining Unicode char U+00AE (decimal 174)
   defining Unicode char U+00BA (decimal 186)
   defining Unicode char U+02C6 (decimal 710)
   defining Unicode char U+02DC (decimal 732)
   defining Unicode char U+200C (decimal 8204)
   defining Unicode char U+2026 (decimal 8230)
   defining Unicode char U+2122 (decimal 8482)
   defining Unicode char U+2423 (decimal 9251)
))
("C:\Program Files\MiKTeX 2.9\tex\latex\base\fontenc.sty"
Package: fontenc 2016/06/19 v1.99m Standard LaTeX package

("C:\Program Files\MiKTeX 2.9\tex\latex\base\t1enc.def"
File: t1enc.def 2016/06/19 v1.99m Standard LaTeX file
LaTeX Font Info:    Redeclaring font encoding T1 on input line 48.
))
("C:\Program Files\MiKTeX 2.9\tex\latex\eurosym\eurosym.sty"
Package: eurosym 1998/08/06 v1.1 European currency symbol ``Euro''
\@eurobox=\box60
)
("C:\Program Files\MiKTeX 2.9\tex\latex\amsfonts\amsfonts.sty"
Package: amsfonts 2013/01/14 v3.01 Basic AMSFonts support
\@emptytoks=\toks26
\symAMSa=\mathgroup4
\symAMSb=\mathgroup5
LaTeX Font Info:    Overwriting math alphabet `\mathfrak' in version `bold'
(Font)                  U/euf/m/n --> U/euf/b/n on input line 106.
)
("C:\Program Files\MiKTeX 2.9\tex\latex\amsmath\amsmath.sty"
Package: amsmath 2016/06/28 v2.15d AMS math features
\@mathmargin=\skip62

For additional information on amsmath, use the `?' option.
("C:\Program Files\MiKTeX 2.9\tex\latex\amsmath\amstext.sty"
Package: amstext 2000/06/29 v2.01 AMS text

("C:\Program Files\MiKTeX 2.9\tex\latex\amsmath\amsgen.sty"
File: amsgen.sty 1999/11/30 v2.0 generic functions
\@emptytoks=\toks27
\ex@=\dimen131
))
("C:\Program Files\MiKTeX 2.9\tex\latex\amsmath\amsbsy.sty"
Package: amsbsy 1999/11/29 v1.2d Bold Symbols
\pmbraise@=\dimen132
)
("C:\Program Files\MiKTeX 2.9\tex\latex\amsmath\amsopn.sty"
Package: amsopn 2016/03/08 v2.02 operator names
)
\inf@bad=\count118
LaTeX Info: Redefining \frac on input line 199.
\uproot@=\count119
\leftroot@=\count120
LaTeX Info: Redefining \overline on input line 297.
\classnum@=\count121
\DOTSCASE@=\count122
LaTeX Info: Redefining \ldots on input line 394.
LaTeX Info: Redefining \dots on input line 397.
LaTeX Info: Redefining \cdots on input line 518.
\Mathstrutbox@=\box61
\strutbox@=\box62
\big@size=\dimen133
LaTeX Font Info:    Redeclaring font encoding OML on input line 634.
LaTeX Font Info:    Redeclaring font encoding OMS on input line 635.
\macc@depth=\count123
\c@MaxMatrixCols=\count124
\dotsspace@=\muskip11
\c@parentequation=\count125
\dspbrk@lvl=\count126
\tag@help=\toks28
\row@=\count127
\column@=\count128
\maxfields@=\count129
\andhelp@=\toks29
\eqnshift@=\dimen134
\alignsep@=\dimen135
\tagshift@=\dimen136
\tagwidth@=\dimen137
\totwidth@=\dimen138
\lineht@=\dimen139
\@envbody=\toks30
\multlinegap=\skip63
\multlinetaggap=\skip64
\mathdisplay@stack=\toks31
LaTeX Info: Redefining \[ on input line 2739.
LaTeX Info: Redefining \] on input line 2740.
)
("C:\Program Files\MiKTeX 2.9\tex\latex\hanging\hanging.sty"
Package: hanging 2009/09/02 v1.2b hanging paragraphs and punctuation
\h@ngcommawd=\skip65
\h@ngfstopwd=\skip66
\h@ngquotewd=\skip67
\h@ngdquotewd=\skip68
\h@ngquerywd=\skip69
\h@ngexclwd=\skip70
\h@ngcolonwd=\skip71
\h@ngscolonwd=\skip72
)
("C:\Program Files\MiKTeX 2.9\tex\latex\psnfss\times.sty"
Package: times 2005/04/12 PSNFSS-v9.2a (SPQR) 
)
("C:\Program Files\MiKTeX 2.9\tex\latex\natbib\natbib.sty"
Package: natbib 2010/09/13 8.31b (PWD, AO)
\bibhang=\skip73
\bibsep=\skip74
LaTeX Info: Redefining \cite on input line 694.
\c@NAT@ctr=\count130
)
("C:\Program Files\MiKTeX 2.9\tex\latex\graphics\graphicx.sty"
Package: graphicx 2014/10/28 v1.0g Enhanced LaTeX Graphics (DPC,SPQR)
\Gin@req@height=\dimen140
\Gin@req@width=\dimen141
)
Package hyperref Info: Option `colorlinks' set `true' on input line 42.

("C:\Program Files\MiKTeX 2.9\tex\latex\pdfpages\pdfpages.sty"
Package: pdfpages 2017/08/14 v0.5k Insert pages of external PDF documents (AM)

("C:\Program Files\MiKTeX 2.9\tex\latex\base\ifthen.sty"
Package: ifthen 2014/09/29 v1.1c Standard LaTeX ifthen package (DPC)
)
("C:\Program Files\MiKTeX 2.9\tex\latex\tools\calc.sty"
Package: calc 2014/10/28 v4.3 Infix arithmetic (KKT,FJ)
\calc@Acount=\count131
\calc@Bcount=\count132
\calc@Adimen=\dimen142
\calc@Bdimen=\dimen143
\calc@Askip=\skip75
\calc@Bskip=\skip76
LaTeX Info: Redefining \setlength on input line 80.
LaTeX Info: Redefining \addtolength on input line 81.
\calc@Ccount=\count133
\calc@Cskip=\skip77
)
("C:\Program Files\MiKTeX 2.9\tex\latex\eso-pic\eso-pic.sty"
Package: eso-pic 2015/07/21 v2.0g eso-pic (RN)

("C:\Program Files\MiKTeX 2.9\tex\latex\xcolor\xcolor.sty"
Package: xcolor 2016/05/11 v2.12 LaTeX color extensions (UK)

("C:\Program Files\MiKTeX 2.9\tex\latex\graphics-cfg\color.cfg"
File: color.cfg 2016/01/02 v1.6 sample color configuration
)
Package xcolor Info: Driver file: pdftex.def on input line 225.
Package xcolor Info: Model `cmy' substituted by `cmy0' on input line 1348.
Package xcolor Info: Model `hsb' substituted by `rgb' on input line 1352.
Package xcolor Info: Model `RGB' extended on input line 1364.
Package xcolor Info: Model `HTML' substituted by `rgb' on input line 1366.
Package xcolor Info: Model `Hsb' substituted by `hsb' on input line 1367.
Package xcolor Info: Model `tHsb' substituted by `hsb' on input line 1368.
Package xcolor Info: Model `HSB' substituted by `hsb' on input line 1369.
Package xcolor Info: Model `Gray' substituted by `gray' on input line 1370.
Package xcolor Info: Model `wave' substituted by `hsb' on input line 1371.
))
\AM@pagewidth=\dimen144
\AM@pageheight=\dimen145

("C:\Program Files\MiKTeX 2.9\tex\latex\pdfpages\pppdftex.def"
File: pppdftex.def 2017/08/14 v0.5k Pdfpages driver for pdfTeX (AM)
)
\AM@pagebox=\box63
\AM@global@opts=\toks32
\AM@toc@title=\toks33
\c@AM@survey=\count134
\AM@templatesizebox=\box64
)
("C:\Program Files\MiKTeX 2.9\tex\latex\titlesec\block.tss"
File: block.tss 2016/03/15
) (ksiazka.aux)
\openout1 = `ksiazka.aux'.

LaTeX Font Info:    Checking defaults for OML/cmm/m/it on input line 96.
LaTeX Font Info:    ... okay on input line 96.
LaTeX Font Info:    Checking defaults for T1/cmr/m/n on input line 96.
LaTeX Font Info:    ... okay on input line 96.
LaTeX Font Info:    Checking defaults for OT1/cmr/m/n on input line 96.
LaTeX Font Info:    ... okay on input line 96.
LaTeX Font Info:    Checking defaults for OMS/cmsy/m/n on input line 96.
LaTeX Font Info:    ... okay on input line 96.
LaTeX Font Info:    Checking defaults for OMX/cmex/m/n on input line 96.
LaTeX Font Info:    ... okay on input line 96.
LaTeX Font Info:    Checking defaults for U/cmr/m/n on input line 96.
LaTeX Font Info:    ... okay on input line 96.
LaTeX Font Info:    Checking defaults for PD1/pdf/m/n on input line 96.
LaTeX Font Info:    ... okay on input line 96.
LaTeX Font Info:    Try loading font information for T1+ptm on input line 96.

("C:\Program Files\MiKTeX 2.9\tex\latex\psnfss\t1ptm.fd"
File: t1ptm.fd 2001/06/04 font definitions for T1/ptm.
)
*geometry* driver: auto-detecting
*geometry* detected driver: pdftex
*geometry* verbose mode - [ preamble ] result:
* driver: pdftex
* paper: b5paper
* layout: <same size as paper>
* layoutoffset:(h,v)=(0.0pt,0.0pt)
* modes: twoside 
* h-part:(L,W,R)=(56.9055pt, 383.77016pt, 60.09283pt)
* v-part:(T,H,B)=(28.45274pt, 640.18703pt, 42.67912pt)
* \paperwidth=500.7685pt
* \paperheight=711.3189pt
* \textwidth=383.77016pt
* \textheight=640.18703pt
* \oddsidemargin=-5.69054pt
* \evensidemargin=-12.17715pt
* \topmargin=-75.69104pt
* \headheight=12.0pt
* \headsep=19.8738pt
* \topskip=11.0pt
* \footskip=27.46295pt
* \marginparwidth=50.0pt
* \marginparsep=7.0pt
* \columnsep=10.0pt
* \skip\footins=10.0pt plus 4.0pt minus 2.0pt
* \hoffset=0.0pt
* \voffset=0.0pt
* \mag=1000
* \@twocolumnfalse
* \@twosidetrue
* \@mparswitchtrue
* \@reversemarginfalse
* (1in=72.27pt=25.4mm, 1cm=28.453pt)

\AtBeginShipoutBox=\box65
Package hyperref Info: Link coloring ON on input line 96.
("C:\Program Files\MiKTeX 2.9\tex\latex\hyperref\nameref.sty"
Package: nameref 2016/05/21 v2.44 Cross-referencing by name of section

("C:\Program Files\MiKTeX 2.9\tex\generic\oberdiek\gettitlestring.sty"
Package: gettitlestring 2016/05/16 v1.5 Cleanup title references (HO)
)
\c@section@level=\count135
)
LaTeX Info: Redefining \ref on input line 96.
LaTeX Info: Redefining \pageref on input line 96.
LaTeX Info: Redefining \nameref on input line 96.

(ksiazka.out) (ksiazka.out)
\@outlinefile=\write4
\openout4 = `ksiazka.out'.


("C:\Program Files\MiKTeX 2.9\tex\context\base\supp-pdf.mkii"
[Loading MPS to PDF converter (version 2006.09.02).]
\scratchcounter=\count136
\scratchdimen=\dimen146
\scratchbox=\box66
\nofMPsegments=\count137
\nofMParguments=\count138
\everyMPshowfont=\toks34
\MPscratchCnt=\count139
\MPscratchDim=\dimen147
\MPnumerator=\count140
\makeMPintoPDFobject=\count141
\everyMPtoPDFconversion=\toks35
) ("C:\Program Files\MiKTeX 2.9\tex\latex\oberdiek\epstopdf-base.sty"
Package: epstopdf-base 2016/05/15 v2.6 Base part for package epstopdf

("C:\Program Files\MiKTeX 2.9\tex\latex\oberdiek\grfext.sty"
Package: grfext 2016/05/16 v1.2 Manage graphics extensions (HO)
)
Package epstopdf-base Info: Redefining graphics rule for `.eps' on input line 4
38.
Package grfext Info: Graphics extension search list:
(grfext)             [.png,.pdf,.jpg,.mps,.jpeg,.jbig2,.jb2,.PNG,.PDF,.JPG,.JPE
G,.JBIG2,.JB2,.eps]
(grfext)             \AppendGraphicsExtensions on input line 456.
)
<figs/okladka.pdf, id=301, 597.55246pt x 845.07718pt>
File: figs/okladka.pdf Graphic file (type pdf)
 <use figs/okladka.pdf>
Package pdftex.def Info: figs/okladka.pdf used on input line 98.
(pdftex.def)             Requested size: 597.551pt x 845.07512pt.
File: figs/okladka.pdf Graphic file (type pdf)

<use figs/okladka.pdf>
Package pdftex.def Info: figs/okladka.pdf used on input line 98.
(pdftex.def)             Requested size: 597.551pt x 845.07512pt.

<figs/okladka.pdf, id=304, page=1, 597.55246pt x 845.07718pt>
File: figs/okladka.pdf Graphic file (type pdf)

<use figs/okladka.pdf, page 1>
Package pdftex.def Info: figs/okladka.pdf, page1 used on input line 98.
(pdftex.def)             Requested size: 597.551pt x 845.07512pt.
File: figs/okladka.pdf Graphic file (type pdf)
 <use figs/okladka.pdf, page 1>
Package pdftex.def Info: figs/okladka.pdf, page1 used on input line 98.
(pdftex.def)             Requested size: 501.22945pt x 708.8542pt.
File: figs/okladka.pdf Graphic file (type pdf)

<use figs/okladka.pdf, page 1>
Package pdftex.def Info: figs/okladka.pdf, page1 used on input line 98.
(pdftex.def)             Requested size: 501.22945pt x 708.8542pt.
File: figs/okladka.pdf Graphic file (type pdf)
 <use figs/okladka.pdf, page 1>
Package pdftex.def Info: figs/okladka.pdf, page1 used on input line 98.
(pdftex.def)             Requested size: 501.22945pt x 708.8542pt.
File: figs/okladka.pdf Graphic file (type pdf)

<use figs/okladka.pdf, page 1>
Package pdftex.def Info: figs/okladka.pdf, page1 used on input line 98.
(pdftex.def)             Requested size: 501.22945pt x 708.8542pt.
 [1

 <./figs/okladka.pdf>] [2


]
LaTeX Font Info:    Try loading font information for U+msa on input line 105.

("C:\Program Files\MiKTeX 2.9\tex\latex\amsfonts\umsa.fd"
File: umsa.fd 2013/01/14 v3.01 AMS symbols A
)
LaTeX Font Info:    Try loading font information for U+msb on input line 105.

("C:\Program Files\MiKTeX 2.9\tex\latex\amsfonts\umsb.fd"
File: umsb.fd 2013/01/14 v3.01 AMS symbols B
) [1

{C:/ProgramData/MiKTeX/2.9/pdftex/config/pdftex.map}] [2

]
LaTeX Font Info:    Font shape `T1/ptm/bx/n' in size <10> not available
(Font)              Font shape `T1/ptm/b/n' tried instead on input line 109.
LaTeX Font Info:    Font shape `T1/ptm/bx/n' in size <20.74> not available
(Font)              Font shape `T1/ptm/b/n' tried instead on input line 109.
 (ksiazka.toc [1

]pdfTeX warning (ext4): destination with the same identifier (name{page.}) has 
been already used, duplicate ignored
<to be read again> 
                   \relax 
l.181 ...owadzenie do pakietu dplyr}{70}{Item.128}
                                                   [2])
\tf@toc=\write5
\openout5 = `ksiazka.toc'.

pdfTeX warning (ext4): destination with the same identifier (name{page.}) has b
een already used, duplicate ignored
<to be read again> 
                   \relax 
l.110 \cleardoublepage
                       [3]pdfTeX warning (ext4): destination with the same iden
tifier (name{page.}) has been already used, duplicate ignored
<to be read again> 
                   \relax 
l.110 \cleardoublepage
                       [4

]
Chapter 1.
LaTeX Font Info:    Font shape `T1/ptm/bx/n' in size <10.95> not available
(Font)              Font shape `T1/ptm/b/n' tried instead on input line 116.
pdfTeX warning (ext4): destination with the same identifier (name{page.1}) has 
been already used, duplicate ignored
<to be read again> 
                   \relax 
l.148 \chapter
              {WstÄ™p} [1


]pdfTeX warning (ext4): destination with the same identifier (name{page.2}) has
 been already used, duplicate ignored
<to be read again> 
                   \relax 
l.148 \chapter
              {WstÄ™p} [2

]
Chapter 2.
(misc/wstep.tex) [3] [4

]
Chapter 3.
<figs/plan.pdf, id=460, 597.55246pt x 845.07718pt>
File: figs/plan.pdf Graphic file (type pdf)
 <use figs/plan.pdf>
Package pdftex.def Info: figs/plan.pdf used on input line 152.
(pdftex.def)             Requested size: 479.71269pt x 450.01411pt.
 [5 <./figs/plan.pdf>] [6

]
Chapter 4.
<figs/plan_warsztaty.pdf, id=496, 597.55246pt x 845.07718pt>
File: figs/plan_warsztaty.pdf Graphic file (type pdf)

<use figs/plan_warsztaty.pdf>
Package pdftex.def Info: figs/plan_warsztaty.pdf used on input line 155.
(pdftex.def)             Requested size: 479.71269pt x 450.01411pt.
 [7 <./figs/plan_warsztaty.pdf>] [8

]
Chapter 5.
(abstracts/01_Biecek.tex
LaTeX Font Info:    Font shape `T1/ptm/bx/n' in size <17.28> not available
(Font)              Font shape `T1/ptm/b/n' tried instead on input line 6.


Package hyperref Warning: The anchor of a bookmark and its parent's must not
(hyperref)                be the same. Added a new anchor on input line 6.

LaTeX Font Info:    Try loading font information for T1+pcr on input line 18.
("C:\Program Files\MiKTeX 2.9\tex\latex\psnfss\t1pcr.fd"
File: t1pcr.fd 2001/06/04 font definitions for T1/pcr.
)
Overfull \hbox (5.44383pt too wide) in paragraph at lines 23--24
\T1/ptm/m/n/10.95 ko«czy zbiór do±wiad-cze« doty-cz¡-cych wiz-ual-iza-cji struk
-tury mod-elu (Wick-ham, Hadley,
 []


Overfull \hbox (4.62592pt too wide) in paragraph at lines 29--30
[]\T1/ptm/m/n/10 W pracy naukowej in-tere-suje si¦ tech-nikami mod-e-lowa-nia w
ysokowymi-arowych danych (testowa-
 []


Overfull \hbox (4.34613pt too wide) in paragraph at lines 31--32
[]\T1/ptm/m/n/10 Jest au-torem trzech pop-u-larnych po-dr¦czników aka-demic-kic
h po±wi¦-conych pro-gramowi R (Prze-
 []

) [9] (abstracts/02_Bogdan.tex) [10] (abstracts/03_Brzezinska.tex
Underfull \hbox (badness 4765) in paragraph at lines 30--31
\T1/ptm/m/n/10 Gospo-dar-czych i Fi-nan-sowych na Wydziale Fi-nan-sów i Ubez-pi
ecze« Uni-w-er-sytetu 
 []


Overfull \hbox (2.04657pt too wide) in paragraph at lines 32--33
\T1/ptm/m/n/10 »owych cza-sopis-mach za-granicznych i kra-jowych, a tak»e jed-n
ej mono-grafii naukowej pt.: Anal-
 []

[11]) [12] (abstracts/04_Burzykowski.tex
Overfull \hbox (3.0453pt too wide) in paragraph at lines 28--29
[]\T1/ptm/m/n/10 Pracuje jako pro-fe-sor biostatystyki/bioinformatyki na Uni-w-
er-syte-cie Has-selt oraz jako wi-ceprezes
 []

) [13] (abstracts/05_Eder.tex
Overfull \hbox (21.7012pt too wide) in paragraph at lines 6--6
\T1/ptm/b/n/17.28 Kim naprawd¦ byª Gall Anonim? Za-gad-nienia statysty-
 []

) [14] (abstracts/06_Jakuczun.tex) [15] (abstracts/07_Ramsza.tex
Overfull \hbox (0.67632pt too wide) in paragraph at lines 31--32
[]\T1/ptm/m/n/10 Obecnie pracuje jako pro-fe-sor ekonomii matem-aty-cznej w Szk
ole Gªównej Hand-lowej w Warsza-
 []


Overfull \hbox (7.49619pt too wide) in paragraph at lines 31--32
\T1/ptm/m/n/10 sek-torów. Jego gªówne zain-tere-sowa-nia zwi¡zane s¡ z teori¡ g
ier oraz anal-iz¡ sys-temów zªo»onych. 
 []

) [16] (abstracts/08_Suchwalko.tex
Overfull \hbox (5.63031pt too wide) in paragraph at lines 26--27
[]\T1/ptm/m/n/10.95 Predykcj¦ mo»na poprawi¢ na ró»ne sposoby, na przykªad popr
zez wyko-rzys-tanie bardziej
 []


Underfull \hbox (badness 1708) in paragraph at lines 33--34
\T1/ptm/m/n/10 bioin-for-maty-cznej MedicWave. Od kilku-nastu lat wyko-rzys-tuj
e w biz-ne-sie dar-mowe 
 []

) [17] (abstracts/09_Szczurek.tex) [18] (abstracts/10_Wroblewska.tex
Underfull \hbox (badness 1259) in paragraph at lines 23--26
[]\T1/ptm/m/n/10.95 W prezen-tacji pod-sumowu-jemy wspóªprac¦ z Cen-trum Nauki 
Kopernik (CNK) 
 []


Overfull \hbox (10.16322pt too wide) in paragraph at lines 23--26
\T1/ptm/m/n/10.95 (Katarzyna Pot¦ga), Uni-w-er-sytetem Nauk Spoªecznych i Hu-ma
n-isty-cznych (Šukasz Tana±)
 []


Overfull \hbox (5.56451pt too wide) in paragraph at lines 23--26
\T1/ptm/m/n/10.95 Pra-cow-al-i±my nad danymi ob-serwa-cyjnymi ze-branymi pod-cz
as testów przeprowad-zonych
 []


Underfull \hbox (badness 1303) in paragraph at lines 23--26
\T1/ptm/m/n/10.95 w CNK. Dane te zostaªy przeanal-i-zowane przez stu-den-tów no
wej spec-jal-no±ci 
 []

) [19] [20

]
Chapter 6.

Package hyperref Warning: The anchor of a bookmark and its parent's must not
(hyperref)                be the same. Added a new anchor on input line 179.

(abstracts/T01_Mierzwa.tex
LaTeX Font Info:    Font shape `T1/ptm/bx/n' in size <12> not available
(Font)              Font shape `T1/ptm/b/n' tried instead on input line 6.

Overfull \hbox (3.42838pt too wide) in paragraph at lines 23--24
\T1/ptm/m/n/10.95 zadaniem. Pier-wsze wyzwanie to stworze-nie in-ter-fe-jsu u»y
tkown-ika, który swoim wygl¡-
 []

) (abstracts/T02_Rogala.tex [21]) (abstracts/T03_Mlodozeniec.tex
Overfull \hbox (19.96591pt too wide) in paragraph at lines 6--6
|\T1/ptm/b/n/12 Zastosowanie paki-etu Shiny do tworzenia in-ter-ak-ty-wnych wiz
-ual-iza-cji wyników
 []


Underfull \hbox (badness 3657) in paragraph at lines 22--23
[]\T1/ptm/m/n/10.95 Najwi¦kszym ogranicze-niem pop-u-larnych metod wiz-ual-iza-
cji wyników bada« 
 []


Underfull \hbox (badness 7540) in paragraph at lines 22--23
\T1/ptm/m/n/10.95 wzrokowej wymaga za-s-tosowa-nia spec-jal-isty-cznych pro-gra
mów, w których 
 []


Underfull \hbox (badness 10000) in paragraph at lines 22--23
\T1/ptm/m/n/10.95 reg-u-lowa-nia 
 []

) (abstracts/T04_Potocka.tex) (abstracts/T05_Sobczyk.tex [22]
Overfull \hbox (4.18456pt too wide) in paragraph at lines 23--24
\T1/ptm/m/n/10.95 Opowiem o niepod-sta-wowych za-s-tosowa-ni-ach gg-plot2, któr
y jest na-jbardziej pop-u-larnym
 []


Overfull \hbox (5.76079pt too wide) in paragraph at lines 23--24
\T1/ptm/m/n/10.95 paki-etem do tworzenia grafiki w R. Jego za-let¡ jest to, »e 
wystar-cz¡ je-dynie dwie komendy
 []

) [23]
Overfull \hbox (4.34709pt too wide) in paragraph at lines 187--188
\T1/ptm/m/n/10.95 PwC to czwarta na-jsil-niejsza marka ±wiata wedªug bada-nia B
rand Fi-nance, a jed-nocze±nie
 []

(abstracts/PC01_Pitera.tex
Overfull \hbox (7.31471pt too wide) in paragraph at lines 191--3
[]\T1/ptm/m/n/10.95 W Polsce PwC za-trud-nia ze-spóª blisko 3 500 pra-cown-ików
 w o±miu mi-as-tach: w Gda«sku,
 []


Package hyperref Warning: The anchor of a bookmark and its parent's must not
(hyperref)                be the same. Added a new anchor on input line 6.

) (abstracts/PC02_Kosinski.tex
Overfull \hbox (27.25505pt too wide) in paragraph at lines 23--24
\T1/ptm/m/n/10.95 zostan¡ za-gad-nienia up-sellu, cross-sellu, cherry-pickingu 
i kani-bal-iza-cji sprzeda»y. Poka»emy
 []

) [24] (abstracts/PC03_Kosinski.tex) [25] (abstracts/MS01_Wojcik.tex

Package hyperref Warning: The anchor of a bookmark and its parent's must not
(hyperref)                be the same. Added a new anchor on input line 6.


Overfull \hbox (7.33786pt too wide) in paragraph at lines 23--24
\T1/ptm/m/n/10.95 cyjnych, stopy bezrobo-cia, pref-er-encji poli-ty-cznych, wie
lko±ci spo»y-cia lodów itp.) cz¦sto
 []


Overfull \hbox (4.77585pt too wide) in paragraph at lines 27--28
\T1/ptm/m/n/10.95 pokazanie jak ró»ne pode-j±-cia do mod-e-lowa-nia dy-namiki r
ozkªadu mog¡ by¢ za-s-tosowane
 []


Overfull \hbox (3.98642pt too wide) in paragraph at lines 29--30
[]\T1/ptm/m/n/10.95 Przedstawimy tak»e czytelne i atrak-cyjne sposoby wiz-ual-i
za-cji wyników es-ty-macji. Prak-
 []

) (abstracts/MS02_Dyderski.tex
Underfull \vbox (badness 2735) has occurred while \output is active []

 [26]
Overfull \hbox (3.18718pt too wide) in paragraph at lines 23--24
\T1/ptm/m/n/10.95 wiekiem drzewa. Dz-i¦ki zna-jo-mo±ci zmian ±red-nicy drzewa i
 al-lom-e-trycznych za-le»no±ci
 []

) (abstracts/MS03_Nowacki.tex

Package hyperref Warning: Token not allowed in a PDF string (PDFDocEncoding):
(hyperref)                removing `\\' on input line 6.


Overfull \hbox (3.19931pt too wide) in paragraph at lines 24--25
[]\T1/ptm/m/n/10.95 Przedstawienie wyników anal-izy wyd¹wi¦ku artykuªów z Parki
-etu z lat 2000-2017(ponad
 []

) (abstracts/MS04_Slomczynski.tex [27]) (abstracts/MS05_Grala.tex) [28]
(abstracts/MR01_Ochotny.tex

Package hyperref Warning: The anchor of a bookmark and its parent's must not
(hyperref)                be the same. Added a new anchor on input line 6.

) (abstracts/MR02_Wrobel.tex) (abstracts/MR03_Kowalczyk.tex [29]) [30]
(abstracts/BIO01_Stankiewicz.tex

Package hyperref Warning: The anchor of a bookmark and its parent's must not
(hyperref)                be the same. Added a new anchor on input line 6.

) (abstracts/BIO02_Gosiewska.tex
Overfull \hbox (2.47581pt too wide) in paragraph at lines 23--25
\T1/ptm/m/n/10.95 izy i wiz-ual-iza-cji danych doty-cz¡-cych ek-spresji genów o
raz mety-lacji DNA. Kluc-zowymi
 []

LaTeX Font Info:    Try loading font information for OMS+ptm on input line 26.
("C:\Program Files\MiKTeX 2.9\tex\latex\psnfss\omsptm.fd"
File: omsptm.fd 
)
LaTeX Font Info:    Font shape `OMS/ptm/m/n' in size <10.95> not available
(Font)              Font shape `OMS/cmsy/m/n' tried instead on input line 26.
)
(abstracts/BIO03_Dabrowska.tex) (abstracts/BIO04_Kosinski.tex [31]
Overfull \hbox (5.00583pt too wide) in paragraph at lines 23--24
\T1/ptm/m/n/10.95 di-ag-nos-tyki i sprawdzenia za-ªo»e« mod-elu Coxa pro-por-cj
on-al-nych haz-ardów - na-jbardziej
 []

) (abstracts/BIO05_Oles.tex
Overfull \hbox (0.11105pt too wide) in paragraph at lines 24--25
\T1/ptm/m/n/10.95 ma-cje przestrzenne oraz fil-trowanie. Na przykªadzie mikrosk
opowych obrazów komórek
 []

) [32] (abstracts/BIZ01_Olszewski.tex

Package hyperref Warning: The anchor of a bookmark and its parent's must not
(hyperref)                be the same. Added a new anchor on input line 6.

) (abstracts/BIZ02_Skrzydlo.tex

Package hyperref Warning: Token not allowed in a PDF string (PDFDocEncoding):
(hyperref)                removing `\\' on input line 6.


Overfull \hbox (12.26532pt too wide) in paragraph at lines 23--24
\T1/ptm/m/n/10.95 pro-gramistów? Czy mo»e to za-j¦-cie tylko dla wybranych, któ
rzy przy-wdziewa-j¡c flanelowe
 []


Overfull \hbox (3.34158pt too wide) in paragraph at lines 23--24
\T1/ptm/m/n/10.95 koszule tworz¡ narz¦dzia jak na-jbardziej podobne do znanych 
i lu-bianych softów? Krótka
 []

) [33] (abstracts/BIZ03_Zoltak.tex) (abstracts/BIZ04_Jedrzejewski.tex)
(abstracts/BIZ05_Martsenyuk.tex
Overfull \hbox (7.59404pt too wide) in paragraph at lines 6--6
|\T1/ptm/b/n/12 Podejmowanie de-cyzji w R - w warunk-ach pewno±ci, ryzyko oraz 
niepewno±ci| 
 []

) [34] [35] (abstracts/R01_Potocka.tex

Package hyperref Warning: The anchor of a bookmark and its parent's must not
(hyperref)                be the same. Added a new anchor on input line 6.

) (abstracts/R02_Melcer.tex
Overfull \hbox (3.00224pt too wide) in paragraph at lines 23--24
[]\T1/ptm/m/n/10.95 Google Sum-mer of Code to pro-gram umo»li-wia-j¡cy sfi-nan-
sowanie pªat-nych waka-cyjnych
 []


Overfull \hbox (1.91801pt too wide) in paragraph at lines 23--24
\T1/ptm/m/n/10.95 do ko«-cowych ro-zlicze«. Na co zwró-ci¢ uwag¦, ja-kich prob-
lemów mo»na si¦ spodziewa¢
 []

) (abstracts/R04_Bigos.tex) [36] (abstracts/R05_Kochanski.tex) [37] [38

]
Chapter 7.
(abstracts/L01_Chmura.tex
Overfull \hbox (12.42203pt too wide) in paragraph at lines 6--6
\T1/ptm/b/n/17.28 Lasy z in-wazyjnym d¦bem cz-er-wonym w ±wi-etle analiz
 []


Package hyperref Warning: The anchor of a bookmark and its parent's must not
(hyperref)                be the same. Added a new anchor on input line 6.


Package hyperref Warning: Token not allowed in a PDF string (PDFDocEncoding):
(hyperref)                removing `\\' on input line 6.


Overfull \hbox (14.20374pt too wide) in paragraph at lines 23--24
\T1/ptm/m/n/10.95 (wska¹nik Shannona-Wienera i in.) oraz ró»norod-no±ci funkcjo
n-al-nej (pakiet FD: funkcjon-
 []


Overfull \hbox (9.43974pt too wide) in paragraph at lines 23--24
\T1/ptm/m/n/10.95 okre±le-nie, na ja-kich ty-pach siedlisk d¡b cz-er-wony cz¦±-
ciej dokonuje in-wazji lub wcze±niej
 []

) (abstracts/L02_Czernecki.tex
Overfull \hbox (20.55942pt too wide) in paragraph at lines 6--6
\T1/ptm/b/n/17.28 FasteR - kiedy warto prze-nie±¢ obliczenia na su-perkom-
 []

[39]
Overfull \hbox (51.05951pt too wide) in paragraph at lines 24--26
[]\T1/ptm/m/n/10.95 W prezen-tacji przed-staw-iono przykªad-owe rozwi¡za-nia (i
 ograniczenia) zwi¡zane z przyspieszaniem
 []

) (abstracts/L03_Bielski.tex) (abstracts/L04_Otmianowski.tex
Overfull \hbox (3.82324pt too wide) in paragraph at lines 24--25
\T1/ptm/m/n/10.95 towego gen-erowa-nia wykresów oraz przetrzymy-wa-nia ich w da
ta frame'ach, co ogranicza
 []

) (abstracts/L05_Lodzikowski.tex [40]) (abstracts/L06_Staniak.tex
Overfull \hbox (22.89381pt too wide) in paragraph at lines 6--6
\T1/ptm/b/n/17.28 Zawód rodz-ica a edukacja dziecka - wiz-ual-icja wyników
 []

) [41] [42

]
Chapter 8.
(abstracts/P01_Pawlik.tex

Package hyperref Warning: The anchor of a bookmark and its parent's must not
(hyperref)                be the same. Added a new anchor on input line 6.


Overfull \hbox (3.44016pt too wide) in paragraph at lines 23--24
\T1/ptm/m/n/10.95 z poligonów badawczych w Gor-cach, rez-erwa-cie Zofin (Czechy
) i stanie Michi-gan (USA)
 []

) (abstracts/P02_Czortek.tex
Overfull \hbox (7.82552pt too wide) in paragraph at lines 6--6
\T1/ptm/b/n/17.28 Competition and tourism drive trade-off be-tween veg-
 []


Overfull \hbox (15.77403pt too wide) in paragraph at lines 6--6
\T1/ptm/b/n/17.28 reproduction of rare moun-tain species Carex lachenalii
 []


Package hyperref Warning: Token not allowed in a PDF string (PDFDocEncoding):
(hyperref)                removing `\\' on input line 6.


Overfull \hbox (5.33289pt too wide) in paragraph at lines 23--24
[]\T1/ptm/m/n/10.95 A re-sult of sex-ual re-pro-duc-tion is long-distance sprea
d at a meta-population level, whereas
 []

[43]) (abstracts/P03_Pawlowska.tex
Overfull \hbox (12.45605pt too wide) in paragraph at lines 6--6
\T1/ptm/b/n/17.28 Informacja pub-liczna troch¦ bardziej pub-liczna - dane
 []


Package hyperref Warning: Token not allowed in a PDF string (PDFDocEncoding):
(hyperref)                removing `\\' on input line 6.


Underfull \hbox (badness 10000) in paragraph at lines 25--26
\T1/ptm/m/n/10.95 u»y-ciu paki-etu Shiny przy-go-towal-i±my ap-likacj¦ dost¦pn¡
 pod adresem: 
 []


Overfull \hbox (5.89264pt too wide) in paragraph at lines 25--26
\T1/ptm/m/n/10.95 http://greenelephant.pl/rowery. Pokazuje ona mi¦dzy in-nymi n
at¦»e-nie ruchu rowerowego
 []

) (abstracts/P04_Cieslak.tex

Package hyperref Warning: Token not allowed in a PDF string (PDFDocEncoding):
(hyperref)                removing `\\' on input line 6.


Underfull \vbox (badness 10000) has occurred while \output is active []

 [44])
(abstracts/P05_Wierzcholska.tex) [45] [46

]
Chapter 9.
(abstracts/W01_Szklarczyk.tex

Package hyperref Warning: The anchor of a bookmark and its parent's must not
(hyperref)                be the same. Added a new anchor on input line 6.


Overfull \hbox (10.74174pt too wide) in paragraph at lines 31--32
[]\T1/ptm/m/n/10 Dobór próby losowej (prostej, warst-wowanej) i wa»e-nie próby 
(klasy-czne oraz rake weights). 
 []


Overfull \hbox (5.54642pt too wide) in paragraph at lines 36--37
\T1/ptm/m/n/10 Zapraszamy wszys-tkie os-oby zain-tere-sowane te-m-atem anal-izy
 danych son-da»owych, spoªecznych.
 []

[47]) [48] (abstracts/W02_Zoltak.tex
Overfull \hbox (0.66571pt too wide) in paragraph at lines 24--25
\T1/ptm/m/n/10 szczegól-no±ci w za-kre-sie wielko±ci bª¦dów stan-dar-d-owych (a
 w kon-sek-wencji is-tot-no±ci statysty-
 []


Overfull \hbox (3.07224pt too wide) in paragraph at lines 30--31
[]\T1/ptm/m/n/10 Typowe zªo»one schematy doboru próby: straty-fikacja, dobór ze
-spoªowy i wielostop-
 []


Overfull \hbox (21.33171pt too wide) in paragraph at lines 37--38
[]\T1/ptm/m/n/10 Inne mo»li-wo±ci ale w specy-ficznych za-s-tosowa-ni-ach: paki
-ety intsvy i lavaan.survey. 
 []


Overfull \hbox (11.55182pt too wide) in paragraph at lines 54--55
[]\T1/ptm/m/n/10 W ja-kich sytu-ac-jach warto uwzgl¦d-nia¢ zªo»ony schemat dobo
ru próby przy prowadze-
 []

[49]) [50] (abstracts/W03_Sekiewicz.tex
Overfull \hbox (16.50557pt too wide) in paragraph at lines 33--34
\T1/ptm/m/n/10 rvest (wystar-czy za-poz-nanie si¦ z opisem paki-etu i jego zroz
u-mie-nie, https://github.com/hadley/rvest) 
 []

) [51] (abstracts/W04_Mazurek.tex) [52] (abstracts/W05_Grala.tex
Overfull \hbox (11.61682pt too wide) in paragraph at lines 36--37
\T1/ptm/m/n/10 Podstawy j¦zyka R, zna-jo-mo±¢ pod-sta-wowych klas prob-lemów i 
al-go-ryt-mów uczenia maszynowego 
 []

) [53] (abstracts/W06_Detko.tex) [54] (abstracts/W07_Maj.tex) [55]
(abstracts/W08_Zawistowski.tex) [56] (abstracts/W09_Alekseichenko.tex [57])
[58] (abstracts/W10_Teisseyre.tex
Overfull \hbox (16.96667pt too wide) in paragraph at lines 24--25
\T1/ptm/m/n/10 chorowal-no±ci (wspóªwys-t¦powanie wielu chorób jed-nocze±nie), 
przewidy-wanie skutków ubocznych
 []

) [59] (abstracts/W11_Ocalewicz.tex
Overfull \hbox (3.39583pt too wide) in paragraph at lines 24--25
\T1/ptm/m/n/10 »eby rozsz-erzy¢ swoje umiej¦t-no±ci w za-kre-sie wiz-ual-iza-cj
i danych i nauczy¢ si¦ tworzy¢ ciekawe
 []


Overfull \hbox (5.7157pt too wide) in paragraph at lines 28--29
[]\T1/ptm/m/n/10 W trak-cie warsz-tatu stworzymy kom-pletny doku-ment w for-ma-
cie html za-w-ier-a-j¡cy pod-sumowanie
 []


Overfull \hbox (2.3672pt too wide) in paragraph at lines 28--29
\T1/ptm/m/n/10 anal-i-zowanych danych oraz stwor-zone przez nas grafiki. Omówim
y zarówno pod-sta-wowe rodzaje
 []


Overfull \hbox (7.74542pt too wide) in paragraph at lines 30--31
[]\T1/ptm/m/n/10 W trak-cie szkole-nia ka»dy uczest-nik otrzyma wydrukowane '±c
i¡-gawki' za-w-ier-a-j¡ce na-jwa»niejsze
 []

) [60] [61] (abstracts/W12_Cwiakowski.tex) [62] (abstracts/W13_Dyderski.tex
Overfull \hbox (11.67918pt too wide) in paragraph at lines 6--6
\T1/ptm/b/n/17.28 Wró»enie z punk-tów - or-dy-nacja w ek-splo-racji danych| 
 []


Overfull \hbox (2.95663pt too wide) in paragraph at lines 24--25
\T1/ptm/m/n/10 Warsztaty za-kªadaj¡ wprowadze-nie do tech-nik or-dy-nacji - upo
rz¡d-kowa-nia punk-tów w przestrzeni
 []


Overfull \hbox (2.90648pt too wide) in paragraph at lines 24--25
\T1/ptm/m/n/10 cech i re-dukcji wielowymi-arowo±ci do postaci zdat-nej do wyra»
e-nia za po-moc¡ prostego wykresu.
 []


Overfull \hbox (5.55606pt too wide) in paragraph at lines 26--27
[]\T1/ptm/m/n/10 Celem warsz-tatów jest wskazanie mo»li-wo±ci za-s-tosowa-nia p
od-sta-wowych tech-nik or-dy-na-cyjnych
 []


Overfull \hbox (7.71547pt too wide) in paragraph at lines 49--50
\T1/ptm/m/n/10 Podstawowa zna-jo-mo±¢ R: op-er-acje na data.frame'ach, macierza
ch i lis-tach, umiej¦t-no±¢ tworzenia
 []

[63]) [64] (abstracts/W14_Migdal.tex) [65] (abstracts/W15_Wojtasiewicz.tex
Overfull \hbox (13.01553pt too wide) in paragraph at lines 24--25
\T1/ptm/m/n/10 Celem warsz-tatu jest za-z-na-jomie-nie uczest-ników z tem-atyk¡
 anal-izy danych w sieci-ach spoªecznych.
 []


Overfull \hbox (5.54483pt too wide) in paragraph at lines 24--25
\T1/ptm/m/n/10 Dziedz-ina So-cial Net-work Anal-y-sis (SNA) jest teraz jedn¡ z 
na-jpr¦»niej rozwi-ja-j¡-cych si¦ dziedzin
 []

) [66] (abstracts/W16_Ryciak.tex) [67] (abstracts/W17_Zawadzki.tex
Overfull \hbox (4.0064pt too wide) in paragraph at lines 24--25
\T1/ptm/m/n/10 Celem warsz-tatu jest naucze-nie u»ytkown-ików wyko-rzys-ta-nia 
paki-etu Rcpp pozwala-j¡cego wyko-
 []


Overfull \hbox (6.87126pt too wide) in paragraph at lines 39--40
[]\T1/ptm/m/n/10 Przedstawienie STL - stan-dar-d-owej bib-lioteki sz-ablonów ja
ko do-datkowych struk-tur danych
 []


Overfull \hbox (14.03093pt too wide) in paragraph at lines 46--47
[]\T1/ptm/m/n/10 Stworzenie prostego sam-plera Gibbsa wyko-rzys-tu-j¡cego Rcp-p
Ar-madillo i funkcje R dost¦pne
 []

[68]) [69] (abstracts/W18_Tartanus.tex) [70]
runsystem(makeindex a.idx)...executed (allowed).

 (a.ind) [71



] [72

]
File: figs/okladka.pdf Graphic file (type pdf)

<use figs/okladka.pdf>
Package pdftex.def Info: figs/okladka.pdf used on input line 294.
(pdftex.def)             Requested size: 597.551pt x 845.07512pt.
File: figs/okladka.pdf Graphic file (type pdf)
 <use figs/okladka.pdf>
Package pdftex.def Info: figs/okladka.pdf used on input line 294.
(pdftex.def)             Requested size: 597.551pt x 845.07512pt.
File: figs/okladka.pdf Graphic file (type pdf)
 <use figs/okladka.pdf, page 1>
Package pdftex.def Info: figs/okladka.pdf, page1 used on input line 294.
(pdftex.def)             Requested size: 597.551pt x 845.07512pt.
File: figs/okladka.pdf Graphic file (type pdf)

<use figs/okladka.pdf, page 1>
Package pdftex.def Info: figs/okladka.pdf, page1 used on input line 294.
(pdftex.def)             Requested size: 501.22945pt x 708.8542pt.
 [73

]
File: figs/okladka.pdf Graphic file (type pdf)
 <use figs/okladka.pdf, page 1>
Package pdftex.def Info: figs/okladka.pdf, page1 used on input line 294.
(pdftex.def)             Requested size: 501.22945pt x 708.8542pt.
File: figs/okladka.pdf Graphic file (type pdf)

<use figs/okladka.pdf, page 1>
Package pdftex.def Info: figs/okladka.pdf, page1 used on input line 294.
(pdftex.def)             Requested size: 501.22945pt x 708.8542pt.
File: figs/okladka.pdf Graphic file (type pdf)
 <use figs/okladka.pdf, page 1>
Package pdftex.def Info: figs/okladka.pdf, page1 used on input line 294.
(pdftex.def)             Requested size: 501.22945pt x 708.8542pt.
 [74]
Package atveryend Info: Empty hook `BeforeClearDocument' on input line 296.
Package atveryend Info: Empty hook `AfterLastShipout' on input line 296.
 (ksiazka.aux)
Package atveryend Info: Executing hook `AtVeryEndDocument' on input line 296.
Package atveryend Info: Executing hook `AtEndAfterFileList' on input line 296.
Package rerunfilecheck Info: File `ksiazka.out' has not changed.
(rerunfilecheck)             Checksum: 3561A4EF2A93B664C54E8F26BC2A814E;8078.
Package atveryend Info: Empty hook `AtVeryVeryEnd' on input line 296.
 ) 
Here is how much of TeX's memory you used:
 10245 strings out of 493333
 143552 string characters out of 3139193
 255420 words of memory out of 3000000
 13123 multiletter control sequences out of 15000+200000
 47788 words of font info for 79 fonts, out of 3000000 for 9000
 1141 hyphenation exceptions out of 8191
 37i,18n,48p,2179b,628s stack positions out of 5000i,500n,10000p,200000b,50000s
{C:/Program Files/MiKTeX 2.9/fonts/enc/dvips/base/8r.enc}<C:/Program Files/Mi
KTeX 2.9/fonts/type1/public/amsfonts/cm/cmr6.pfb><C:/Program Files/MiKTeX 2.9/f
onts/type1/public/amsfonts/cm/cmr8.pfb><C:/Program Files/MiKTeX 2.9/fonts/type1
/public/amsfonts/cm/cmsy10.pfb><C:/Program Files/MiKTeX 2.9/fonts/type1/urw/cou
rier/ucrr8a.pfb><C:/Program Files/MiKTeX 2.9/fonts/type1/urw/times/utmb8a.pfb><
C:/Program Files/MiKTeX 2.9/fonts/type1/urw/times/utmr8a.pfb><C:/Program Files/
MiKTeX 2.9/fonts/type1/urw/times/utmri8a.pfb>
Output written on ksiazka.pdf (82 pages, 1158811 bytes).
PDF statistics:
 1014 PDF objects out of 1200 (max. 8388607)
 229 named destinations out of 1000 (max. 500000)
 749 words of extra memory for PDF output out of 10000 (max. 10000000)

